<?xml version="1.0" encoding="UTF-8"?>
<testng-results ignored="0" total="1" passed="1" failed="0" skipped="0">
  <reporter-output>
  </reporter-output>
  <suite started-at="2023-08-30T19:55:42 EDT" name="Default suite" finished-at="2023-08-30T19:55:57 EDT" duration-ms="14752">
    <groups>
    </groups>
    <test started-at="2023-08-30T19:55:42 EDT" name="Default test" finished-at="2023-08-30T19:55:57 EDT" duration-ms="14752">
      <class name="website.AWAWebsiteTest">
        <test-method is-config="true" signature="setUp()[pri:0, instance:website.AWAWebsiteTest@e7edb54]" started-at="2023-08-30T19:55:42 EDT" name="setUp" finished-at="2023-08-30T19:55:48 EDT" duration-ms="5787" status="PASS">
          <reporter-output>
          </reporter-output>
        </test-method> <!-- setUp -->
        <test-method signature="hotelClicks()[pri:0, instance:website.AWAWebsiteTest@e7edb54]" started-at="2023-08-30T19:55:48 EDT" name="hotelClicks" finished-at="2023-08-30T19:55:54 EDT" duration-ms="6310" status="PASS">
          <reporter-output>
          </reporter-output>
        </test-method> <!-- hotelClicks -->
        <test-method is-config="true" signature="tearDown()[pri:0, instance:website.AWAWebsiteTest@e7edb54]" started-at="2023-08-30T19:55:54 EDT" name="tearDown" finished-at="2023-08-30T19:55:57 EDT" duration-ms="2635" status="PASS">
          <reporter-output>
          </reporter-output>
        </test-method> <!-- tearDown -->
      </class> <!-- website.AWAWebsiteTest -->
    </test> <!-- Default test -->
  </suite> <!-- Default suite -->
</testng-results>
